

Microchip MPLAB XC8 Assembler V2.32 build 20210201212658 
                                                                                               Sat May 29 06:21:03 2021

Microchip MPLAB XC8 C Compiler v2.32 (Free license) build 20210201212658 Og1 
     1                           	processor	12F629
     2                           	pagewidth 120
     3                           	opt	flic
     4                           	psect	cinit,global,class=CODE,merge=1,delta=2
     5                           	psect	cstackBANK0,global,class=BANK0,space=1,delta=1,noexec
     6                           	psect	maintext,global,class=CODE,split=1,delta=2
     7                           	psect	config,global,abs,ovrld,class=CONFIG,space=4,delta=2,noexec
     8                           	dabs	1,0x5E,2
     9  0000                     
    10                           ; Version 2.32
    11                           ; Generated 23/11/2020 GMT
    12                           ; 
    13                           ; Copyright © 2020, Microchip Technology Inc. and its subsidiaries ("Microchip")
    14                           ; All rights reserved.
    15                           ; 
    16                           ; This software is developed by Microchip Technology Inc. and its subsidiaries ("Microch
      +                          ip").
    17                           ; 
    18                           ; Redistribution and use in source and binary forms, with or without modification, are
    19                           ; permitted provided that the following conditions are met:
    20                           ; 
    21                           ;     1. Redistributions of source code must retain the above copyright notice, this lis
      +                          t of
    22                           ;        conditions and the following disclaimer.
    23                           ; 
    24                           ;     2. Redistributions in binary form must reproduce the above copyright notice, this 
      +                          list
    25                           ;        of conditions and the following disclaimer in the documentation and/or other
    26                           ;        materials provided with the distribution. Publication is not required when
    27                           ;        this file is used in an embedded application.
    28                           ; 
    29                           ;     3. Microchip's name may not be used to endorse or promote products derived from th
      +                          is
    30                           ;        software without specific prior written permission.
    31                           ; 
    32                           ; THIS SOFTWARE IS PROVIDED BY MICROCHIP "AS IS" AND ANY EXPRESS OR IMPLIED WARRANTIES,
    33                           ; INCLUDING, BUT NOT LIMITED TO, THE IMPLIED WARRANTIES OF MERCHANTABILITY AND FITNESS F
      +                          OR
    34                           ; PURPOSE ARE DISCLAIMED.  IN NO EVENT SHALL MICROCHIP BE LIABLE FOR ANY DIRECT, INDIREC
      +                          T,
    35                           ; INCIDENTAL, SPECIAL, EXEMPLARY, OR CONSEQUENTIAL DAMAGES (INCLUDING BUT NOT LIMITED TO
    36                           ; PROCUREMENT OF SUBSTITUTE GOODS OR SERVICES; LOSS OF USE, DATA OR PROFITS; OR BUSINESS
    37                           ; INTERRUPTION) HOWSOEVER CAUSED AND ON ANY THEORY OF LIABILITY, WHETHER IN CONTRACT, ST
      +                          RICT
    38                           ; LIABILITY, OR TORT (INCLUDING NEGLIGENCE OR OTHERWISE) ARISING IN ANY WAY OUT OF THE U
      +                          SE OF
    39                           ; THIS SOFTWARE, EVEN IF ADVISED OF THE POSSIBILITY OF SUCH DAMAGE.
    40                           ; 
    41                           ; 
    42                           ; Code-generator required, PIC12F629 Definitions
    43                           ; 
    44                           ; SFR Addresses
    45  0000                     	;# 
    46  0001                     	;# 
    47  0002                     	;# 
    48  0003                     	;# 
    49  0004                     	;# 
    50  0005                     	;# 
    51  000A                     	;# 
    52  000B                     	;# 
    53  000C                     	;# 
    54  000E                     	;# 
    55  000E                     	;# 
    56  000F                     	;# 
    57  0010                     	;# 
    58  0019                     	;# 
    59  0081                     	;# 
    60  0085                     	;# 
    61  008C                     	;# 
    62  008E                     	;# 
    63  0090                     	;# 
    64  0095                     	;# 
    65  0096                     	;# 
    66  0096                     	;# 
    67  0099                     	;# 
    68  009A                     	;# 
    69  009A                     	;# 
    70  009B                     	;# 
    71  009C                     	;# 
    72  009D                     	;# 
    73  0000                     	;# 
    74  0001                     	;# 
    75  0002                     	;# 
    76  0003                     	;# 
    77  0004                     	;# 
    78  0005                     	;# 
    79  000A                     	;# 
    80  000B                     	;# 
    81  000C                     	;# 
    82  000E                     	;# 
    83  000E                     	;# 
    84  000F                     	;# 
    85  0010                     	;# 
    86  0019                     	;# 
    87  0081                     	;# 
    88  0085                     	;# 
    89  008C                     	;# 
    90  008E                     	;# 
    91  0090                     	;# 
    92  0095                     	;# 
    93  0096                     	;# 
    94  0096                     	;# 
    95  0099                     	;# 
    96  009A                     	;# 
    97  009A                     	;# 
    98  009B                     	;# 
    99  009C                     	;# 
   100  009D                     	;# 
   101  0005                     _GPIO	set	5
   102  0085                     _TRISIO	set	133
   103                           
   104                           	psect	cinit
   105  03FD                     start_initialization:	
   106                           ; #config settings
   107                           
   108  03FD                     __initialization:
   109  03FD                     end_of_initialization:	
   110                           ;End of C runtime variable initialization code
   111                           
   112  03FD                     __end_of__initialization:
   113  03FD  0183               	clrf	3
   114  03FE  2BD9               	ljmp	_main	;jump to C main() function
   115                           
   116                           	psect	cstackBANK0
   117  0020                     __pcstackBANK0:
   118  0020                     ?_main:
   119  0020                     ??_main:	
   120                           ; 1 bytes @ 0x0
   121                           
   122                           
   123                           ; 1 bytes @ 0x0
   124  0020                     	ds	3
   125                           
   126                           	psect	maintext
   127  03D9                     __pmaintext:	
   128 ;;
   129 ;;Main: autosize = 0, tempsize = 3, incstack = 0, save=0
   130 ;;
   131 ;; *************** function _main *****************
   132 ;; Defined at:
   133 ;;		line 26 in file "main.c"
   134 ;; Parameters:    Size  Location     Type
   135 ;;		None
   136 ;; Auto vars:     Size  Location     Type
   137 ;;		None
   138 ;; Return value:  Size  Location     Type
   139 ;;                  1    wreg      void 
   140 ;; Registers used:
   141 ;;		wreg, status,2
   142 ;; Tracked objects:
   143 ;;		On entry : B00/0
   144 ;;		On exit  : 0/0
   145 ;;		Unchanged: 0/0
   146 ;; Data sizes:     COMMON   BANK0
   147 ;;      Params:         0       0
   148 ;;      Locals:         0       0
   149 ;;      Temps:          0       3
   150 ;;      Totals:         0       3
   151 ;;Total ram usage:        3 bytes
   152 ;; This function calls:
   153 ;;		Nothing
   154 ;; This function is called by:
   155 ;;		Startup code after reset
   156 ;; This function uses a non-reentrant model
   157 ;;
   158                           
   159                           
   160                           ;psect for function _main
   161  03D9                     _main:
   162  03D9                     l612:	
   163                           ;incstack = 0
   164                           ; Regs used in _main: [wreg+status,2]
   165                           
   166                           
   167                           ;main.c: 28:     TRISIO = 0b00001000;
   168  03D9  3008               	movlw	8
   169  03DA  1683               	bsf	3,5	;RP0=1, select bank1
   170  03DB  0085               	movwf	5	;volatile
   171  03DC                     l11:	
   172                           ;main.c: 29:     while (1) {
   173                           
   174                           
   175                           ;main.c: 30:         GPIO = 0b11110111;
   176  03DC  30F7               	movlw	247
   177  03DD  1283               	bcf	3,5	;RP0=0, select bank0
   178  03DE  0085               	movwf	5	;volatile
   179                           
   180                           ;main.c: 31:         _delay((unsigned long)((500)*(4000000/4000.0)));
   181  03DF  3003               	movlw	3
   182  03E0  00A2               	movwf	??_main+2
   183  03E1  308A               	movlw	138
   184  03E2  00A1               	movwf	??_main+1
   185  03E3  3055               	movlw	85
   186  03E4  00A0               	movwf	??_main
   187  03E5                     u17:
   188  03E5  0BA0               	decfsz	??_main,f
   189  03E6  2BE5               	goto	u17
   190  03E7  0BA1               	decfsz	??_main+1,f
   191  03E8  2BE5               	goto	u17
   192  03E9  0BA2               	decfsz	??_main+2,f
   193  03EA  2BE5               	goto	u17
   194  03EB  2BEC               	nop2
   195  03EC                     l614:
   196                           
   197                           ;main.c: 32:         GPIO = 0b00000000;
   198  03EC  1283               	bcf	3,5	;RP0=0, select bank0
   199  03ED  0185               	clrf	5	;volatile
   200  03EE                     l616:
   201                           
   202                           ;main.c: 33:         _delay((unsigned long)((500)*(4000000/4000.0)));
   203  03EE  3003               	movlw	3
   204  03EF  00A2               	movwf	??_main+2
   205  03F0  308A               	movlw	138
   206  03F1  00A1               	movwf	??_main+1
   207  03F2  3055               	movlw	85
   208  03F3  00A0               	movwf	??_main
   209  03F4                     u27:
   210  03F4  0BA0               	decfsz	??_main,f
   211  03F5  2BF4               	goto	u27
   212  03F6  0BA1               	decfsz	??_main+1,f
   213  03F7  2BF4               	goto	u27
   214  03F8  0BA2               	decfsz	??_main+2,f
   215  03F9  2BF4               	goto	u27
   216  03FA  2BFB               	nop2
   217  03FB  2BDC               	goto	l11
   218  03FC  2800               	ljmp	start
   219  03FD                     __end_of_main:
   220  005E                     btemp	set	94	;btemp
   221  005E                     wtemp0	set	94
   222                           
   223                           	psect	config
   224                           
   225                           ;Config register CONFIG @ 0x2007
   226                           ;	Oscillator Selection bits
   227                           ;	FOSC = INTRCIO, INTOSC oscillator: I/O function on GP4/OSC2/CLKOUT pin, I/O function o
      +                          n GP5/OSC1/CLKIN
   228                           ;	Watchdog Timer Enable bit
   229                           ;	WDTE = OFF, WDT disabled
   230                           ;	Power-Up Timer Enable bit
   231                           ;	PWRTE = OFF, PWRT disabled
   232                           ;	GP3/MCLR pin function select
   233                           ;	MCLRE = OFF, GP3/MCLR pin function is digital I/O, MCLR internally tied to VDD
   234                           ;	Brown-out Detect Enable bit
   235                           ;	BOREN = OFF, BOD disabled
   236                           ;	Code Protection bit
   237                           ;	CP = OFF, Program Memory code protection is disabled
   238                           ;	Data Code Protection bit
   239                           ;	CPD = OFF, Data memory code protection is disabled
   240  2007                     	org	8199
   241  2007  3194               	dw	12692

Data Sizes:
    Strings     0
    Constant    0
    Data        0
    BSS         0
    Persistent  0
    Stack       0

Auto Spaces:
    Space          Size  Autos    Used
    COMMON            0      0       0
    BANK0            62      3       3

Pointer List with Targets:

    None.

Critical Paths under _main in COMMON

    None.

Critical Paths under _main in BANK0

    None.

Call Graph Tables:

 ---------------------------------------------------------------------------------
 (Depth) Function   	        Calls       Base Space   Used Autos Params    Refs
 ---------------------------------------------------------------------------------
 (0) _main                                                 3     3      0       0
                                              0 BANK0      3     3      0
 ---------------------------------------------------------------------------------
 Estimated maximum stack depth 0
 ---------------------------------------------------------------------------------

 Call Graph Graphs:

 _main (ROOT)

 Address spaces:
Name               Size   Autos  Total    Cost      Usage
BITCOMMON            0      0       0       0        0.0%
EEDATA              80      0       0       0        0.0%
NULL                 0      0       0       0        0.0%
CODE                 0      0       0       0        0.0%
BITSFR0              0      0       0       1        0.0%
SFR0                 0      0       0       1        0.0%
COMMON               0      0       0       1        0.0%
BITSFR1              0      0       0       2        0.0%
SFR1                 0      0       0       2        0.0%
STACK                0      0       0       2        0.0%
BITBANK0            3E      0       0       3        0.0%
BANK0               3E      3       3       4        4.8%
ABS                  0      0       0       5        0.0%
DATA                 0      0       0       6        0.0%


Microchip Technology PIC Macro Assembler V2.32 build 20210201212658 
Symbol Table                                                                                   Sat May 29 06:21:03 2021

                     l11 03DC                       u17 03E5                       u27 03F4  
                    l612 03D9                      l614 03EC                      l616 03EE  
                   _GPIO 0005                     _main 03D9                     btemp 005E  
                   start 0000                    ?_main 0020                    status 0003  
                  wtemp0 005E          __initialization 03FD             __end_of_main 03FD  
                 ??_main 0020                   _TRISIO 0085  __end_of__initialization 03FD  
             __pmaintext 03D9     end_of_initialization 03FD      start_initialization 03FD  
              ___latbits 0000            __pcstackBANK0 0020            __size_of_main 0024  
